<?xml version="1.0" encoding="UTF-8" ?>
<testsuite 
errors="0" failures="0" hostname="C02DG740MD6R" name="controllers.predicates.AuthorisedActionSpec" tests="22" time="0.116" timestamp="2021-08-09T15:05:47">
  <properties>
    <property name="jline.esc.timeout" value="0"/>
    <property name="jna.platform.library.path" value="/usr/lib:/usr/lib"/>
    <property name="java.runtime.name" value="OpenJDK Runtime Environment"/>
    <property
    name="sun.boot.library.path" value="/Library/Java/JavaVirtualMachines/adoptopenjdk-8.jdk/Contents/Home/jre/lib"/>
    <property name="java.vm.version" value="25.292-b10"/>
    <property name="gopherProxySet" value="false"/>
    <property name="java.vm.vendor" value="AdoptOpenJDK"/>
    <property name="java.vendor.url" value="https://adoptopenjdk.net/"/>
    <property name="path.separator" value=":"/>
    <property name="java.vm.name" value="OpenJDK 64-Bit Server VM"/>
    <property name="file.encoding.pkg" value="sun.io"/>
    <property name="jna.loaded" value="true"/>
    <property name="user.country" value="GB"/>
    <property name="sun.java.launcher" value="SUN_STANDARD"/>
    <property name="sun.os.patch.level" value="unknown"/>
    <property name="jna.nosys" value="true"/>
    <property
    name="java.vm.specification.name" value="Java Virtual Machine Specification"/>
    <property
    name="user.dir" value="/Users/mattgadd/IdeaProjects/income-tax-employment-frontend"/>
    <property name="java.runtime.version" value="1.8.0_292-b10"/>
    <property
    name="java.awt.graphicsenv" value="sun.awt.CGraphicsEnvironment"/>
    <property
    name="java.endorsed.dirs" value="/Library/Java/JavaVirtualMachines/adoptopenjdk-8.jdk/Contents/Home/jre/lib/endorsed"/>
    <property name="os.arch" value="x86_64"/>
    <property
    name="java.io.tmpdir" value="/var/folders/b1/p2tdgfb146sgq4_xw55_xqlw0000gp/T/"/>
    <property name="line.separator" value=" "/>
    <property name="java.vm.specification.vendor" value="Oracle Corporation"/>
    <property name="log4j.ignoreTCL" value="true"/>
    <property name="os.name" value="Mac OS X"/>
    <property name="sun.jnu.encoding" value="UTF-8"/>
    <property
    name="jnidispatch.path" value="/Users/mattgadd/Library/Caches/JNA/temp/jna2347642063246980082.tmp"/>
    <property
    name="java.library.path" value="/Users/mattgadd/Library/Java/Extensions:/Library/Java/Extensions:/Network/Library/Java/Extensions:/System/Library/Java/Extensions:/usr/lib/java:."/>
    <property
    name="java.specification.name" value="Java Platform API Specification"/>
    <property name="java.class.version" value="52.0"/>
    <property
    name="sun.management.compiler" value="HotSpot 64-Bit Tiered Compilers"/>
    <property name="os.version" value="10.15.7"/>
    <property
    name="http.nonProxyHosts" value="local|*.local|169.254/16|*.169.254/16"/>
    <property name="user.home" value="/Users/mattgadd"/>
    <property name="swoval.tmpdir" value="/Users/mattgadd/.sbt/1.0"/>
    <property name="user.timezone" value="Europe/London"/>
    <property name="java.awt.printerjob" value="sun.lwawt.macosx.CPrinterJob"/>
    <property name="java.specification.version" value="1.8"/>
    <property name="file.encoding" value="UTF-8"/>
    <property name="user.name" value="mattgadd"/>
    <property
    name="java.class.path" value="/usr/local/Cellar/sbt/1.5.3/libexec/bin/sbt-launch.jar"/>
    <property name="jline.shutdownhook" value="false"/>
    <property name="java.vm.specification.version" value="1.8"/>
    <property name="sun.arch.data.model" value="64"/>
    <property
    name="java.home" value="/Library/Java/JavaVirtualMachines/adoptopenjdk-8.jdk/Contents/Home/jre"/>
    <property
    name="sun.java.command" value="/usr/local/Cellar/sbt/1.5.3/libexec/bin/sbt-launch.jar clean scalastyle coverage test it:test coverageReport"/>
    <property name="java.specification.vendor" value="Oracle Corporation"/>
    <property name="user.language" value="en"/>
    <property name="awt.toolkit" value="sun.lwawt.macosx.LWCToolkit"/>
    <property name="java.vm.info" value="mixed mode"/>
    <property name="java.version" value="1.8.0_292"/>
    <property
    name="java.ext.dirs" value="/Users/mattgadd/Library/Java/Extensions:/Library/Java/JavaVirtualMachines/adoptopenjdk-8.jdk/Contents/Home/jre/lib/ext:/Library/Java/Extensions:/Network/Library/Java/Extensions:/System/Library/Java/Extensions:/usr/lib/java"/>
    <property
    name="sun.boot.class.path" value="/Library/Java/JavaVirtualMachines/adoptopenjdk-8.jdk/Contents/Home/jre/lib/resources.jar:/Library/Java/JavaVirtualMachines/adoptopenjdk-8.jdk/Contents/Home/jre/lib/rt.jar:/Library/Java/JavaVirtualMachines/adoptopenjdk-8.jdk/Contents/Home/jre/lib/sunrsasign.jar:/Library/Java/JavaVirtualMachines/adoptopenjdk-8.jdk/Contents/Home/jre/lib/jsse.jar:/Library/Java/JavaVirtualMachines/adoptopenjdk-8.jdk/Contents/Home/jre/lib/jce.jar:/Library/Java/JavaVirtualMachines/adoptopenjdk-8.jdk/Contents/Home/jre/lib/charsets.jar:/Library/Java/JavaVirtualMachines/adoptopenjdk-8.jdk/Contents/Home/jre/lib/jfr.jar:/Library/Java/JavaVirtualMachines/adoptopenjdk-8.jdk/Contents/Home/jre/classes"/>
    <property name="java.vendor" value="AdoptOpenJDK"/>
    <property name="file.separator" value="/"/>
    <property
    name="java.vendor.url.bug" value="https://github.com/AdoptOpenJDK/openjdk-support/issues"/>
    <property name="sun.cpu.endian" value="little"/>
    <property name="sun.io.unicode.encoding" value="UnicodeBig"/>
    <property
    name="socksNonProxyHosts" value="local|*.local|169.254/16|*.169.254/16"/>
    <property
    name="ftp.nonProxyHosts" value="local|*.local|169.254/16|*.169.254/16"/>
    <property name="sun.cpu.isalist" value=""/>
  </properties>
  <testcase 
  name=".enrolmentGetIdentifierValue should return the value for the given identifier" classname="controllers.predicates.AuthorisedActionSpec" time="0.0">
</testcase>
  <testcase 
  name=".enrolmentGetIdentifierValue should return a None when the given identifier cannot be found" classname="controllers.predicates.AuthorisedActionSpec" time="0.0">
</testcase>
  <testcase 
  name=".enrolmentGetIdentifierValue should return a None when the given key cannot be found" classname="controllers.predicates.AuthorisedActionSpec" time="0.0">
</testcase>
  <testcase 
  name=".individualAuthentication should perform the block action when the correct enrolment exist which returns an OK status" classname="controllers.predicates.AuthorisedActionSpec" time="0.001">
</testcase>
  <testcase 
  name=".individualAuthentication should perform the block action when the correct enrolment exist which returns a body of the mtditid" classname="controllers.predicates.AuthorisedActionSpec" time="0.001">
</testcase>
  <testcase 
  name=".individualAuthentication should return a redirect when the session id does not exist in the headers which returns an SEE_OTHER status" classname="controllers.predicates.AuthorisedActionSpec" time="0.002">
</testcase>
  <testcase 
  name=".individualAuthentication should return a redirect when the nino enrolment is missing which returns a forbidden" classname="controllers.predicates.AuthorisedActionSpec" time="0.001">
</testcase>
  <testcase 
  name=".individualAuthentication should return a redirect when the individual enrolment is missing but there is a nino which returns an Unauthorised" classname="controllers.predicates.AuthorisedActionSpec" time="0.004">
</testcase>
  <testcase 
  name=".individualAuthentication should return a redirect when the individual enrolment is missing but there is a nino which returns an redirect to the correct page" classname="controllers.predicates.AuthorisedActionSpec" time="0.001">
</testcase>
  <testcase 
  name=".individualAuthentication should return the user to IV Uplift when the confidence level is below minimum which has a status of 303" classname="controllers.predicates.AuthorisedActionSpec" time="0.003">
</testcase>
  <testcase 
  name=".individualAuthentication should return the user to IV Uplift when the confidence level is below minimum which redirects to the iv url" classname="controllers.predicates.AuthorisedActionSpec" time="0.001">
</testcase>
  <testcase 
  name=".agentAuthenticated should perform the block action when the agent is authorised for the given user which has a status of OK" classname="controllers.predicates.AuthorisedActionSpec" time="0.003">
</testcase>
  <testcase 
  name=".agentAuthenticated should perform the block action when the agent is authorised for the given user which has the correct body" classname="controllers.predicates.AuthorisedActionSpec" time="0.0">
</testcase>
  <testcase 
  name=".agentAuthenticated should return an SEE_OTHER when the agent does not have a session id which has a status of SEE_OTHER" classname="controllers.predicates.AuthorisedActionSpec" time="0.002">
</testcase>
  <testcase 
  name=".agentAuthenticated should return an SEE_OTHER when the authorisation service returns an AuthorisationException exception" classname="controllers.predicates.AuthorisedActionSpec" time="0.003">
</testcase>
  <testcase 
  name=".agentAuthenticated should redirect to the sign in page when the authorisation service returns a NoActiveSession exception" classname="controllers.predicates.AuthorisedActionSpec" time="0.002">
</testcase>
  <testcase 
  name=".agentAuthenticated should return a redirect when the user does not have an enrolment for the agent" classname="controllers.predicates.AuthorisedActionSpec" time="0.002">
</testcase>
  <testcase 
  name=".invokeBlock should perform the block action when the user is successfully verified as an agent which should return an OK(200) status" classname="controllers.predicates.AuthorisedActionSpec" time="0.003">
</testcase>
  <testcase 
  name=".invokeBlock should perform the block action when the user is successfully verified as an individual" classname="controllers.predicates.AuthorisedActionSpec" time="0.001">
</testcase>
  <testcase 
  name=".invokeBlock should return a redirect when the authorisation service returns an AuthorisationException exception" classname="controllers.predicates.AuthorisedActionSpec" time="0.003">
</testcase>
  <testcase 
  name=".invokeBlock should return a redirect when there is no MTDITID value in session for an agent" classname="controllers.predicates.AuthorisedActionSpec" time="0.003">
</testcase>
  <testcase 
  name=".invokeBlock should redirect to the sign in page when the authorisation service returns a NoActiveSession exception" classname="controllers.predicates.AuthorisedActionSpec" time="0.004">
</testcase>
  <system-out><![CDATA[]]></system-out>
  <system-err><![CDATA[]]></system-err>
</testsuite>
